[03-14-2018 11:46:38]   Wcisnieto przycisk dodania do listy.
[03-14-2018 11:46:40]   Wcisnieto przycisk dodania do listy.
[03-14-2018 11:46:42]   Wcisnieto przycisk startu.
[03-14-2018 11:46:44]   Pobrano plik HTML
[03-14-2018 11:46:46]   Wyslano maila
[03-14-2018 11:46:47]   Pobrano plik HTML
[03-14-2018 11:46:47]   Wyslano maila
[03-14-2018 11:47:53]   Wcisnieto przycisk czyszczenia.
[03-14-2018 11:47:55]   Wcisnieto przycisk czyszczenia.
[03-14-2018 11:48:18]   Wcisnieto przycisk dodania do listy.
[03-14-2018 11:48:19]   Wcisnieto przycisk dodania do listy.
[03-14-2018 11:48:20]   Wcisnieto przycisk startu.
[03-14-2018 11:48:21]   Pobrano plik HTML
[03-14-2018 11:48:22]   Wyslano maila
[03-14-2018 11:48:22]   Pobrano plik HTML
[03-14-2018 11:48:22]   Wyslano maila
[03-14-2018 11:50:40]   Wcisnieto przycisk dodania do listy.
[03-14-2018 11:58:07]   Wcisnieto przycisk dodania do listy.
[03-14-2018 11:58:56]   Wcisnieto przycisk dodania do listy.
[03-14-2018 11:59:05]   Wcisnieto przycisk dodania do listy.
[03-14-2018 11:59:32]   Wcisnieto przycisk dodania do listy.
[03-14-2018 11:59:34]   Wcisnieto przycisk dodania do listy.
[03-14-2018 11:59:35]   Wcisnieto przycisk dodania do listy.
[03-14-2018 11:59:35]   Wcisnieto przycisk dodania do listy.
[03-14-2018 11:59:36]   Wcisnieto przycisk dodania do listy.
[03-14-2018 12:08:13]   Wcisnieto przycisk dodania do listy.
[03-14-2018 12:19:48]   Wcisnieto przycisk dodania do listy.
[03-14-2018 12:19:50]   Wcisnieto przycisk czyszczenia.
[03-14-2018 12:19:51]   Wcisnieto przycisk dodania do listy.
[03-14-2018 12:19:52]   Wcisnieto przycisk czyszczenia.
[03-14-2018 12:19:56]   Wcisnieto przycisk dodania do listy.
[03-14-2018 12:19:56]   Wcisnieto przycisk dodania do listy.
[03-14-2018 12:19:56]   Wcisnieto przycisk dodania do listy.
[03-14-2018 12:19:57]   Wcisnieto przycisk czyszczenia.
[03-14-2018 12:19:58]   Wcisnieto przycisk dodania do listy.
[03-14-2018 12:19:59]   Wcisnieto przycisk dodania do listy.
[03-14-2018 12:19:59]   Wcisnieto przycisk dodania do listy.
[03-14-2018 12:19:59]   Wcisnieto przycisk dodania do listy.
[03-14-2018 12:19:59]   Wcisnieto przycisk dodania do listy.
[03-14-2018 12:19:59]   Wcisnieto przycisk dodania do listy.
[03-14-2018 12:19:59]   Wcisnieto przycisk dodania do listy.
[03-14-2018 12:20:00]   Wcisnieto przycisk dodania do listy.
[03-14-2018 12:20:00]   Wcisnieto przycisk dodania do listy.
[03-14-2018 12:20:01]   Wcisnieto przycisk czyszczenia.
[03-14-2018 12:21:31]   Wcisnieto przycisk dodania do listy.
[03-14-2018 12:21:31]   Wcisnieto przycisk dodania do listy.
[03-14-2018 12:21:34]   Wcisnieto przycisk czyszczenia.
[03-14-2018 12:21:35]   Wcisnieto przycisk dodania do listy.
[03-14-2018 12:21:36]   Wcisnieto przycisk startu.
[03-14-2018 12:21:37]   Pobrano plik HTML
[03-14-2018 12:21:39]   Wyslano maila
[03-14-2018 12:21:59]   Wcisnieto przycisk startu.
[03-14-2018 12:21:59]   Pobrano plik HTML
[03-14-2018 12:21:59]   Wyslano maila
[03-14-2018 12:22:16]   Wcisnieto przycisk czyszczenia.
[03-14-2018 12:22:18]   Wcisnieto przycisk dodania do listy.
[03-14-2018 12:22:19]   Wcisnieto przycisk dodania do listy.
[03-14-2018 12:22:20]   Wcisnieto przycisk dodania do listy.
[03-14-2018 12:22:21]   Wcisnieto przycisk czyszczenia.
[03-14-2018 12:22:23]   Wcisnieto przycisk dodania do listy.
[03-14-2018 12:22:23]   Wcisnieto przycisk startu.
[03-14-2018 12:22:24]   Pobrano plik HTML
[03-14-2018 12:22:24]   Wyslano maila
[03-14-2018 16:29:17]   Wcisnieto przycisk dodania do listy.
[03-14-2018 16:29:22]   Wcisnieto przycisk dodania do listy.
[03-14-2018 16:29:24]   Wcisnieto przycisk startu.
[03-14-2018 16:29:32]   Pobrano plik HTML
[03-14-2018 16:29:34]   Wyslano maila
[03-14-2018 16:29:35]   Pobrano plik HTML
[03-14-2018 16:29:35]   Wyslano maila
[03-14-2018 16:29:35]   Wcisnieto przycisk serializacji.
[03-14-2018 16:31:50]   Wcisnieto przycisk serializacji.
[03.17.2018 18:38:27]   Wcisnieto przycisk dodania do listy.
[03.17.2018 18:38:29]   Wcisnieto przycisk serializacji.
[03.17.2018 18:38:53]   Wcisnieto przycisk dodania do listy.
[03.17.2018 18:38:53]   Wcisnieto przycisk dodania do listy.
[03.17.2018 18:38:53]   Wcisnieto przycisk dodania do listy.
[03.17.2018 18:38:54]   Wcisnieto przycisk serializacji.
[03.17.2018 18:41:16]   Wcisnieto przycisk serializacji.
[03.17.2018 18:41:17]   Wcisnieto przycisk dodania do listy.
[03.17.2018 18:41:18]   Wcisnieto przycisk serializacji.
[03.17.2018 18:41:43]   Wcisnieto przycisk deserializacji.
[04-08-2018 17:04:09]   Wcisnieto przycisk dodania do listy.
[04-08-2018 17:04:13]   Wcisnieto przycisk czyszczenia.
[04-08-2018 17:04:13]   Wcisnieto przycisk dodania do listy.
[04-08-2018 20:01:40]   Wcisnieto przycisk dodania do listy.
[04-08-2018 20:05:36]   Wcisnieto przycisk dodania do listy.
[04-08-2018 20:05:58]   Wcisnieto przycisk dodania do listy.
[04-08-2018 20:21:19]   Wcisnieto przycisk dodania do listy.
[04-08-2018 20:21:42]   Wcisnieto przycisk dodania do listy.
[04-08-2018 20:21:55]   Wcisnieto przycisk dodania do listy.
[04-08-2018 20:21:56]   Wcisnieto przycisk dodania do listy.
[04-08-2018 20:21:56]   Wcisnieto przycisk dodania do listy.
[04-08-2018 20:22:52]   Wcisnieto przycisk czyszczenia.
[04-08-2018 20:22:57]   Wcisnieto przycisk dodania do listy.
[04-08-2018 20:22:58]   Wcisnieto przycisk dodania do listy.
[04-08-2018 20:22:58]   Wcisnieto przycisk dodania do listy.
[04-08-2018 20:23:23]   Wcisnieto przycisk czyszczenia.
[04-08-2018 20:23:29]   Wcisnieto przycisk dodania do listy.
[04-08-2018 20:23:30]   Wcisnieto przycisk dodania do listy.
[04-08-2018 20:23:31]   Wcisnieto przycisk dodania do listy.
[04-08-2018 20:23:32]   Wcisnieto przycisk dodania do listy.
[04-08-2018 20:23:33]   Wcisnieto przycisk dodania do listy.
[04-08-2018 20:23:33]   Wcisnieto przycisk dodania do listy.
[04-08-2018 20:23:34]   Wcisnieto przycisk czyszczenia.
[04-08-2018 22:04:36]   Wcisnieto przycisk czyszczenia.
[04-08-2018 22:04:41]   Wcisnieto przycisk dodania do listy.
[04-08-2018 22:04:43]   Wcisnieto przycisk czyszczenia.
[04-08-2018 22:20:20]   Wcisnieto przycisk czyszczenia.
[04-08-2018 22:20:26]   Wcisnieto przycisk dodania do listy.
[04-08-2018 23:02:11]   Wcisnieto przycisk czyszczenia.
[04-08-2018 23:02:16]   Wcisnieto przycisk dodania do listy.
[04-08-2018 23:02:18]   Wcisnieto przycisk dodania do listy.
[04-08-2018 23:42:45]   Wcisnieto przycisk dodania do listy.
[04-08-2018 23:42:49]   Wcisnieto przycisk czyszczenia.
[04.14.2018 20:14:43]   Wcisnieto przycisk dodania do listy.
[04.14.2018 20:14:54]   Wcisnieto przycisk dodania do listy.
[04.14.2018 20:17:27]   Wcisnieto przycisk serializacji.
[04.14.2018 20:17:28]   Unsuccessful attempt to serialize Typ 'JTTT.JTTTRecordAction' w zestawie 'JTTT, Version=1.0.0.0, Culture=neutral, PublicKeyToken=null' nie jest oznaczony jako możliwy do serializacji.
[04.14.2018 20:17:29]   Wcisnieto przycisk czyszczenia.
[04.14.2018 20:17:30]   Wcisnieto przycisk deserializacji.
[04.14.2018 20:17:30]   Unsuccessful attempt to deserialize Przed ukończeniem analizy napotkano koniec strumienia.
[04.14.2018 20:55:07]   Wcisnieto przycisk czyszczenia.
[04.14.2018 20:55:19]   Wcisnieto przycisk serializacji.
[04.14.2018 20:55:21]   Wcisnieto przycisk deserializacji.
[04.14.2018 20:55:28]   Wcisnieto przycisk dodania do listy.
[04.14.2018 20:55:36]   Wcisnieto przycisk dodania do listy.
[04.14.2018 20:55:40]   Wcisnieto przycisk serializacji.
[04.14.2018 20:55:40]   Unsuccessful attempt to serialize Typ 'JTTT.JTTTRecordAction' w zestawie 'JTTT, Version=1.0.0.0, Culture=neutral, PublicKeyToken=null' nie jest oznaczony jako możliwy do serializacji.
[04.14.2018 20:55:42]   Wcisnieto przycisk czyszczenia.
[04.14.2018 20:55:43]   Wcisnieto przycisk deserializacji.
[04.14.2018 20:55:43]   Unsuccessful attempt to deserialize Przed ukończeniem analizy napotkano koniec strumienia.
[04.14.2018 20:58:52]   Wcisnieto przycisk serializacji.
[04.14.2018 20:58:52]   Unsuccessful attempt to serialize Typ 'JTTT.JTTTRecordAction' w zestawie 'JTTT, Version=1.0.0.0, Culture=neutral, PublicKeyToken=null' nie jest oznaczony jako możliwy do serializacji.
[04.14.2018 21:00:21]   Wcisnieto przycisk serializacji.
[04.14.2018 21:00:26]   Wcisnieto przycisk czyszczenia.
[04.14.2018 21:00:26]   Wcisnieto przycisk deserializacji.
[04.14.2018 21:00:26]   Dodano zdarzenie: URI: dfgdfg  Text: dfgdfgdf Mail: dfgdfgdf.
[04.14.2018 21:00:26]   Dodano zdarzenie: URI: nhgnh  Text: fdgd Mail: asdad.
[04.14.2018 21:00:26]   Dodano zdarzenie: URI: dzdfad  Text: asfasfa Mail: fasafasfa.
[04.14.2018 21:00:26]   Dodano zdarzenie: URI: kj  Text: hjk Mail: hfgh.
[04.14.2018 21:14:27]   Wcisnieto przycisk czyszczenia.
[04.14.2018 21:14:32]   Wcisnieto przycisk dodania do listy.
[04.14.2018 21:14:37]   Wcisnieto przycisk serializacji.
[04.14.2018 21:14:38]   Wcisnieto przycisk czyszczenia.
[04.14.2018 21:14:38]   Wcisnieto przycisk deserializacji.
[04.14.2018 21:14:39]   Dodano zdarzenie: URI: hnhgn  Text: ghghjg Mail: ghjgh.
[04.14.2018 21:14:45]   Wcisnieto przycisk czyszczenia.
[04.14.2018 21:14:46]   Wcisnieto przycisk deserializacji.
[04.14.2018 21:14:46]   Dodano zdarzenie: URI: hnhgn  Text: ghghjg Mail: ghjgh.
[04.14.2018 21:20:03]   Wcisnieto przycisk czyszczenia.
[04.14.2018 21:20:07]   Wcisnieto przycisk dodania do listy.
[04.14.2018 21:20:11]   Wcisnieto przycisk serializacji.
[04.14.2018 21:20:14]   Wcisnieto przycisk czyszczenia.
[04.14.2018 21:20:15]   Wcisnieto przycisk deserializacji.
[04.14.2018 21:20:16]   Dodano zdarzenie: URI: hghgh  Text: ghgg Mail: hghgh.
[04.14.2018 21:53:49]   Wcisnieto przycisk usuniecia zadania z bazy
[04.14.2018 21:53:55]   Wcisnieto przycisk usuniecia zadania z bazy
[04.14.2018 21:54:02]   Wcisnieto przycisk usuniecia zadania z bazy
[04.14.2018 21:54:05]   Wcisnieto przycisk usuniecia zadania z bazy
[04.14.2018 21:54:13]   Wcisnieto przycisk usuniecia zadania z bazy
[04.14.2018 21:54:16]   Wcisnieto przycisk usuniecia zadania z bazy
[04.14.2018 21:54:19]   Wcisnieto przycisk usuniecia zadania z bazy
[04.14.2018 21:54:21]   Wcisnieto przycisk usuniecia zadania z bazy
[04.14.2018 21:54:23]   Wcisnieto przycisk usuniecia zadania z bazy
[04.14.2018 21:54:26]   Wcisnieto przycisk usuniecia zadania z bazy
[04.14.2018 21:54:27]   Wcisnieto przycisk usuniecia zadania z bazy
[04.14.2018 21:54:29]   Wcisnieto przycisk usuniecia zadania z bazy
[04.14.2018 21:54:31]   Wcisnieto przycisk usuniecia zadania z bazy
[04.14.2018 21:54:50]   Wcisnieto przycisk dodania do listy.
[04.14.2018 21:54:56]   Wcisnieto przycisk serializacji.
[04.14.2018 21:54:56]   Wcisnieto przycisk deserializacji.
[04.14.2018 21:54:57]   Dodano zdarzenie: URI: test  Text: bart Mail: gm.
[04.14.2018 21:54:58]   Wcisnieto przycisk czyszczenia.
[04.14.2018 21:55:00]   Wcisnieto przycisk deserializacji.
[04.14.2018 21:55:00]   Dodano zdarzenie: URI: test  Text: bart Mail: gm.
[04.14.2018 22:00:30]   Wcisnieto przycisk usuniecia zadania z bazy
[04-16-2018 1:13:33]   Wcisnieto przycisk usuniecia zadania z bazy
[04-16-2018 1:13:35]   Wcisnieto przycisk usuniecia zadania z bazy
[04-16-2018 1:13:36]   Wcisnieto przycisk usuniecia zadania z bazy
[04-16-2018 1:13:37]   Wcisnieto przycisk usuniecia zadania z bazy
[04-16-2018 1:13:41]   Wcisnieto przycisk dodania do listy.
